  AntiAntiAim.cpp
  Autowall.cpp
  Chams.cpp
  Controls.cpp
  CRC32.cpp
  DLLMain.cpp
  Dumping.cpp
  ESP.cpp
  GUI.cpp
  Hacks.cpp
  Hooks.cpp
  ReflectiveLoader.cpp
  Interfaces.cpp
  LegitBot.cpp
  MathFunctions.cpp
  Menu.cpp
  MetaInfo.cpp
  MiscHacks.cpp
  NetVarManager.cpp
  NetVars.cpp
  Offsets.cpp
  RageBot.cpp
  RenderManager.cpp
  Resolver.cpp
  SpoofedConvar.cpp
  tinyxml2.cpp
  UTIL Functions.cpp
  Utilities.cpp
  Visual.cpp
  Window.cpp
     Creating library C:\Users\EvaMods\Desktop\Fake PenguWare\Release\sloww.xyz.lib and object C:\Users\EvaMods\Desktop\Fake PenguWare\Release\sloww.xyz.exp
  AYYWARE CSGO.vcxproj -> C:\Users\EvaMods\Desktop\Fake PenguWare\Release\sloww.xyz.dll
