c:\users\evamods\desktop\sloww.xyz-public-source-master\release\autowall.obj
c:\users\evamods\desktop\sloww.xyz-public-source-master\release\chams.obj
c:\users\evamods\desktop\sloww.xyz-public-source-master\release\crc32.obj
c:\users\evamods\desktop\sloww.xyz-public-source-master\release\dumping.obj
c:\users\evamods\desktop\sloww.xyz-public-source-master\release\gui.obj
c:\users\evamods\desktop\sloww.xyz-public-source-master\release\hooks.obj
c:\users\evamods\desktop\sloww.xyz-public-source-master\release\legitbot.obj
c:\users\evamods\desktop\sloww.xyz-public-source-master\release\metainfo.obj
c:\users\evamods\desktop\sloww.xyz-public-source-master\release\mischacks.obj
c:\users\evamods\desktop\sloww.xyz-public-source-master\release\netvars.obj
c:\users\evamods\desktop\sloww.xyz-public-source-master\release\ragebot.obj
c:\users\evamods\desktop\sloww.xyz-public-source-master\release\resolver.obj
c:\users\evamods\desktop\sloww.xyz-public-source-master\release\utilities.obj
c:\users\evamods\desktop\sloww.xyz-public-source-master\release\visual.obj
c:\users\evamods\desktop\sloww.xyz-public-source-master\release\antiantiaim.obj
c:\users\evamods\desktop\sloww.xyz-public-source-master\release\controls.obj
c:\users\evamods\desktop\sloww.xyz-public-source-master\release\esp.obj
c:\users\evamods\desktop\sloww.xyz-public-source-master\release\hacks.obj
c:\users\evamods\desktop\sloww.xyz-public-source-master\release\reflectiveloader.obj
c:\users\evamods\desktop\sloww.xyz-public-source-master\release\interfaces.obj
c:\users\evamods\desktop\sloww.xyz-public-source-master\release\mathfunctions.obj
c:\users\evamods\desktop\sloww.xyz-public-source-master\release\menu.obj
c:\users\evamods\desktop\sloww.xyz-public-source-master\release\netvarmanager.obj
c:\users\evamods\desktop\sloww.xyz-public-source-master\release\offsets.obj
c:\users\evamods\desktop\sloww.xyz-public-source-master\release\rendermanager.obj
c:\users\evamods\desktop\sloww.xyz-public-source-master\release\spoofedconvar.obj
c:\users\evamods\desktop\sloww.xyz-public-source-master\release\tinyxml2.obj
c:\users\evamods\desktop\sloww.xyz-public-source-master\release\util functions.obj
c:\users\evamods\desktop\sloww.xyz-public-source-master\release\window.obj
c:\users\evamods\desktop\sloww.xyz-public-source-master\release\vc141.pdb
c:\users\evamods\desktop\sloww.xyz-public-source-master\release\dllmain.obj
c:\users\evamods\desktop\sloww.xyz-public-source-master\release\sloww.xyz.dll
c:\users\evamods\desktop\sloww.xyz-public-source-master\release\sloww.xyz.pdb
c:\users\evamods\desktop\sloww.xyz-public-source-master\release\sloww.xyz.lib
c:\users\evamods\desktop\sloww.xyz-public-source-master\release\sloww.xyz.exp
c:\users\evamods\desktop\fake penguware\release\antiantiaim.obj
c:\users\evamods\desktop\fake penguware\release\autowall.obj
c:\users\evamods\desktop\fake penguware\release\chams.obj
c:\users\evamods\desktop\fake penguware\release\controls.obj
c:\users\evamods\desktop\fake penguware\release\crc32.obj
c:\users\evamods\desktop\fake penguware\release\dllmain.obj
c:\users\evamods\desktop\fake penguware\release\dumping.obj
c:\users\evamods\desktop\fake penguware\release\esp.obj
c:\users\evamods\desktop\fake penguware\release\gui.obj
c:\users\evamods\desktop\fake penguware\release\hacks.obj
c:\users\evamods\desktop\fake penguware\release\hooks.obj
c:\users\evamods\desktop\fake penguware\release\interfaces.obj
c:\users\evamods\desktop\fake penguware\release\legitbot.obj
c:\users\evamods\desktop\fake penguware\release\mathfunctions.obj
c:\users\evamods\desktop\fake penguware\release\menu.obj
c:\users\evamods\desktop\fake penguware\release\metainfo.obj
c:\users\evamods\desktop\fake penguware\release\mischacks.obj
c:\users\evamods\desktop\fake penguware\release\netvarmanager.obj
c:\users\evamods\desktop\fake penguware\release\netvars.obj
c:\users\evamods\desktop\fake penguware\release\offsets.obj
c:\users\evamods\desktop\fake penguware\release\ragebot.obj
c:\users\evamods\desktop\fake penguware\release\reflectiveloader.obj
c:\users\evamods\desktop\fake penguware\release\rendermanager.obj
c:\users\evamods\desktop\fake penguware\release\resolver.obj
c:\users\evamods\desktop\fake penguware\release\spoofedconvar.obj
c:\users\evamods\desktop\fake penguware\release\tinyxml2.obj
c:\users\evamods\desktop\fake penguware\release\util functions.obj
c:\users\evamods\desktop\fake penguware\release\utilities.obj
c:\users\evamods\desktop\fake penguware\release\visual.obj
c:\users\evamods\desktop\fake penguware\release\window.obj
c:\users\evamods\desktop\fake penguware\release\sloww.xyz.exp
c:\users\evamods\desktop\fake penguware\release\sloww.xyz.pdb
c:\users\evamods\desktop\fake penguware\release\vc141.pdb
c:\users\evamods\desktop\fake penguware\release\sloww.xyz.dll
c:\users\evamods\desktop\fake penguware\release\sloww.xyz.tlog\cl.command.1.tlog
c:\users\evamods\desktop\fake penguware\release\sloww.xyz.tlog\cl.read.1.tlog
c:\users\evamods\desktop\fake penguware\release\sloww.xyz.tlog\cl.write.1.tlog
c:\users\evamods\desktop\fake penguware\release\sloww.xyz.tlog\link.command.1.tlog
c:\users\evamods\desktop\fake penguware\release\sloww.xyz.tlog\link.read.1.tlog
c:\users\evamods\desktop\fake penguware\release\sloww.xyz.tlog\link.write.1.tlog
c:\users\evamods\desktop\fake penguware\release\sloww.xyz.tlog\sloww.xyz.write.1u.tlog
